
jun 06, 2014 21:40:37.87 NEW SESSION
jun 06, 2014 21:40:37.88 LdrLoadDll: Blocking load of 'bitguard.dll' -- see http://www.mozilla.com/en-US/blocklist/
jun 06, 2014 21:41:24.37 LdrLoadDll: Blocking load of 'bitguard.dll' -- see http://www.mozilla.com/en-US/blocklist/
jun 06, 2014 21:42:21.54 LdrLoadDll: Blocking load of 'bitguard.dll' -- see http://www.mozilla.com/en-US/blocklist/
jun 06, 2014 21:45:32.03 LdrLoadDll: Blocking load of 'bitguard.dll' -- see http://www.mozilla.com/en-US/blocklist/
jun 06, 2014 21:46:19.42 LdrLoadDll: Blocking load of 'bitguard.dll' -- see http://www.mozilla.com/en-US/blocklist/
jun 07, 2014 24:13:08.44 LdrLoadDll: Blocking load of 'bitguard.dll' -- see http://www.mozilla.com/en-US/blocklist/
jun 07, 2014 24:15:03.26 LdrLoadDll: Blocking load of 'bitguard.dll' -- see http://www.mozilla.com/en-US/blocklist/
jun 07, 2014 24:19:40.66 LdrLoadDll: Blocking load of 'bitguard.dll' -- see http://www.mozilla.com/en-US/blocklist/
jun 07, 2014 24:20:20.44 LdrLoadDll: Blocking load of 'bitguard.dll' -- see http://www.mozilla.com/en-US/blocklist/
jun 07, 2014 24:20:25.86 Running global cleanup code from study base classes.
jun 07, 2014 24:20:26.14 NOTE: child process received `Goodbye', closing down
jun 07, 2014 24:20:26.14 [1440] WARNING: pipe error: 109: file c:/builds/moz2_slave/rel-m-rel-w32_bld-000000000000/build/ipc/chromium/src/chrome/common/ipc_channel_win.cc, line 310
jun 07, 2014 24:21:09.66 LdrLoadDll: Blocking load of 'bitguard.dll' -- see http://www.mozilla.com/en-US/blocklist/
jun 07, 2014 24:21:29.05 Running global cleanup code from study base classes.
jun 07, 2014 24:22:41.80 NOTE: child process received `Goodbye', closing down
jun 07, 2014 24:23:44.97 LdrLoadDll: Blocking load of 'bitguard.dll' -- see http://www.mozilla.com/en-US/blocklist/
jun 07, 2014 24:23:56.61 [1804] WARNING: pipe error: 109: file c:/builds/moz2_slave/rel-m-rel-w32_bld-000000000000/build/ipc/chromium/src/chrome/common/ipc_channel_win.cc, line 310
jun 07, 2014 24:23:56.61 NOTE: child process received `Goodbye', closing down
jun 07, 2014 24:29:12.92 LdrLoadDll: Blocking load of 'bitguard.dll' -- see http://www.mozilla.com/en-US/blocklist/
jun 07, 2014 24:29:32.22 Running global cleanup code from study base classes.

jun 07, 2014 13:40:46.37 NEW SESSION
jun 07, 2014 13:40:46.37 LdrLoadDll: Blocking load of 'bitguard.dll' -- see http://www.mozilla.com/en-US/blocklist/
jun 07, 2014 13:46:15.56 LdrLoadDll: Blocking load of 'bitguard.dll' -- see http://www.mozilla.com/en-US/blocklist/
jun 07, 2014 13:46:38.17 Running global cleanup code from study base classes.
jun 07, 2014 13:50:50.93 NOTE: child process received `Goodbye', closing down
jun 07, 2014 13:50:58.28 LdrLoadDll: Blocking load of 'bitguard.dll' -- see http://www.mozilla.com/en-US/blocklist/
jun 07, 2014 13:51:20.19 Running global cleanup code from study base classes.
jun 07, 2014 13:59:32.56 NOTE: child process received `Goodbye', closing down
jun 07, 2014 14:03:17.79 No permission to use the keyboard API for http://googleads.g.doubleclick.net
jun 07, 2014 14:07:54.43 LdrLoadDll: Blocking load of 'bitguard.dll' -- see http://www.mozilla.com/en-US/blocklist/
jun 07, 2014 14:13:27.43 LdrLoadDll: Blocking load of 'bitguard.dll' -- see http://www.mozilla.com/en-US/blocklist/
jun 07, 2014 14:25:31.16 NOTE: child process received `Goodbye', closing down
jun 07, 2014 14:28:20.81 LdrLoadDll: Blocking load of 'bitguard.dll' -- see http://www.mozilla.com/en-US/blocklist/
jun 07, 2014 14:29:38.79 [5632] WARNING: pipe error: 109: file c:/builds/moz2_slave/rel-m-rel-w32_bld-000000000000/build/ipc/chromium/src/chrome/common/ipc_channel_win.cc, line 310
jun 07, 2014 14:29:38.79 NOTE: child process received `Goodbye', closing down
jun 07, 2014 14:29:38.79 NOTE: child process received `Goodbye', closing down
jun 07, 2014 14:29:38.79 [5528] WARNING: pipe error: 109: file c:/builds/moz2_slave/rel-m-rel-w32_bld-000000000000/build/ipc/chromium/src/chrome/common/ipc_channel_win.cc, line 310
jun 07, 2014 14:34:33.28 LdrLoadDll: Blocking load of 'bitguard.dll' -- see http://www.mozilla.com/en-US/blocklist/
jun 07, 2014 14:50:09.71 LdrLoadDll: Blocking load of 'bitguard.dll' -- see http://www.mozilla.com/en-US/blocklist/
jun 07, 2014 14:53:09.10 LdrLoadDll: Blocking load of 'bitguard.dll' -- see http://www.mozilla.com/en-US/blocklist/

jun 08, 2014 10:02:00.63 NEW SESSION
jun 08, 2014 10:02:00.63 LdrLoadDll: Blocking load of 'bitguard.dll' -- see http://www.mozilla.com/en-US/blocklist/
jun 08, 2014 10:04:12.73 LdrLoadDll: Blocking load of 'bitguard.dll' -- see http://www.mozilla.com/en-US/blocklist/
jun 08, 2014 10:05:52.89 LdrLoadDll: Blocking load of 'bitguard.dll' -- see http://www.mozilla.com/en-US/blocklist/
jun 08, 2014 10:08:12.22 LdrLoadDll: Blocking load of 'bitguard.dll' -- see http://www.mozilla.com/en-US/blocklist/
jun 08, 2014 10:13:47.20 LdrLoadDll: Blocking load of 'bitguard.dll' -- see http://www.mozilla.com/en-US/blocklist/
jun 08, 2014 10:24:25.24 LdrLoadDll: Blocking load of 'bitguard.dll' -- see http://www.mozilla.com/en-US/blocklist/
jun 08, 2014 10:32:46.52 LdrLoadDll: Blocking load of 'bitguard.dll' -- see http://www.mozilla.com/en-US/blocklist/
jun 08, 2014 11:04:27.86 LdrLoadDll: Blocking load of 'bitguard.dll' -- see http://www.mozilla.com/en-US/blocklist/
jun 08, 2014 11:06:53.25 LdrLoadDll: Blocking load of 'bitguard.dll' -- see http://www.mozilla.com/en-US/blocklist/
jun 08, 2014 11:11:07.66 LdrLoadDll: Blocking load of 'bitguard.dll' -- see http://www.mozilla.com/en-US/blocklist/

jun 08, 2014 12:28:53.38 NEW SESSION
jun 08, 2014 12:28:53.38 LdrLoadDll: Blocking load of 'bitguard.dll' -- see http://www.mozilla.com/en-US/blocklist/
jun 08, 2014 12:35:39.58 LdrLoadDll: Blocking load of 'bitguard.dll' -- see http://www.mozilla.com/en-US/blocklist/
jun 08, 2014 12:37:17.79 LdrLoadDll: Blocking load of 'bitguard.dll' -- see http://www.mozilla.com/en-US/blocklist/
jun 08, 2014 12:37:43.51 Running global cleanup code from study base classes.
jun 08, 2014 12:40:03.85 [Child 4188] WARNING: pipe error: 109: file c:/builds/moz2_slave/rel-m-rel-w32_bld-000000000000/build/ipc/chromium/src/chrome/common/ipc_channel_win.cc, line 310
jun 08, 2014 12:40:03.85 NOTE: child process received `Goodbye', closing down
jun 08, 2014 12:59:27.16 No permission to use the keyboard API for http://www.roseindia.net
jun 08, 2014 12:59:27.27 No permission to use the keyboard API for http://www.roseindia.net
jun 08, 2014 12:59:27.29 No permission to use the keyboard API for http://www.roseindia.net
jun 08, 2014 12:59:35.58 No permission to use the keyboard API for http://googleads.g.doubleclick.net
jun 08, 2014 12:59:35.83 No permission to use the keyboard API for http://googleads.g.doubleclick.net
jun 08, 2014 13:01:53.74 NOTE: child process received `Goodbye', closing down
jun 08, 2014 15:51:20.00 LdrLoadDll: Blocking load of 'bitguard.dll' -- see http://www.mozilla.com/en-US/blocklist/
jun 08, 2014 15:51:25.86 [3840] WARNING: pipe error: 109: file c:/builds/moz2_slave/rel-m-rel-w32_bld-000000000000/build/ipc/chromium/src/chrome/common/ipc_channel_win.cc, line 310
jun 08, 2014 15:51:25.86 NOTE: child process received `Goodbye', closing down
jun 08, 2014 15:53:50.11 LdrLoadDll: Blocking load of 'bitguard.dll' -- see http://www.mozilla.com/en-US/blocklist/
jun 08, 2014 15:54:09.18 Running global cleanup code from study base classes.
jun 08, 2014 16:07:35.18 No permission to use the keyboard API for http://googleads.g.doubleclick.net
jun 08, 2014 16:10:38.36 No permission to use the keyboard API for http://googleads.g.doubleclick.net
jun 08, 2014 16:11:41.33 LdrLoadDll: Blocking load of 'bitguard.dll' -- see http://www.mozilla.com/en-US/blocklist/
jun 08, 2014 16:27:21.56 LdrLoadDll: Blocking load of 'bitguard.dll' -- see http://www.mozilla.com/en-US/blocklist/
jun 08, 2014 16:29:07.42 NOTE: child process received `Goodbye', closing down
jun 08, 2014 16:29:07.52 NOTE: child process received `Goodbye', closing down
jun 08, 2014 16:29:07.55 [6088] WARNING: pipe error: 109: file c:/builds/moz2_slave/rel-m-rel-w32_bld-000000000000/build/ipc/chromium/src/chrome/common/ipc_channel_win.cc, line 310
